<?xml version="1.0" encoding="UTF-8"?>
<!-- Generated by org.testng.reporters.JUnitXMLReporter -->
<testsuite ignored="0" hostname="DESKTOP-7NMSRQD" failures="0" tests="8" name="Surefire test" time="95.476" errors="0" timestamp="2025-06-30T18:07:44 IST">
  <testcase classname="tests.LoginTests" name="validLogin" time="2.656"/>
  <testcase classname="tests.LoginTests" name="validLogin" time="12.819"/>
  <testcase classname="tests.LoginTests" name="validLogin" time="10.275"/>
  <testcase classname="tests.LoginTests" name="validLogin" time="22.492"/>
  <testcase classname="tests.LoginTests" name="invalidLogin" time="3.56"/>
  <testcase classname="tests.LoginTests" name="invalidLogin" time="4.311"/>
  <testcase classname="tests.LoginTests" name="invalidLogin" time="3.696"/>
  <testcase classname="tests.LoginTests" name="invalidLogin" time="4.515"/>
</testsuite> <!-- Surefire test -->
