<?xml version="1.0" encoding="UTF-8"?>
<!-- Generated by org.testng.reporters.JUnitXMLReporter -->
<testsuite ignored="0" hostname="DESKTOP-7NMSRQD" failures="0" tests="8" name="Default test" time="124.996" errors="0" timestamp="2025-06-30T17:40:13 IST">
  <testcase classname="tests.LoginTests" name="validLogin" time="45.656"/>
  <testcase classname="tests.LoginTests" name="validLogin" time="33.657"/>
  <testcase classname="tests.LoginTests" name="validLogin" time="3.079"/>
  <testcase classname="tests.LoginTests" name="validLogin" time="3.244"/>
  <testcase classname="tests.LoginTests" name="invalidLogin" time="2.779"/>
  <testcase classname="tests.LoginTests" name="invalidLogin" time="2.645"/>
  <testcase classname="tests.LoginTests" name="invalidLogin" time="2.969"/>
  <testcase classname="tests.LoginTests" name="invalidLogin" time="3.457"/>
</testsuite> <!-- Default test -->
