<?xml version="1.0" encoding="UTF-8"?>
<testng-results ignored="0" total="2" passed="2" failed="0" skipped="0">
  <reporter-output>
  </reporter-output>
  <suite started-at="2025-06-16T15:20:40 IST" name="Surefire suite" finished-at="2025-06-16T15:20:54 IST" duration-ms="13743">
    <groups>
    </groups>
    <test started-at="2025-06-16T15:20:40 IST" name="Surefire test" finished-at="2025-06-16T15:20:54 IST" duration-ms="13743">
      <class name="tests.LoginTests">
        <test-method is-config="true" signature="setUp()[pri:0, instance:tests.LoginTests@7adda9cc]" started-at="2025-06-16T15:20:41 IST" name="setUp" finished-at="2025-06-16T15:20:45 IST" duration-ms="4664" status="PASS">
          <reporter-output>
          </reporter-output>
        </test-method> <!-- setUp -->
        <test-method signature="validLogin()[pri:1, instance:tests.LoginTests@7adda9cc]" started-at="2025-06-16T15:20:45 IST" name="validLogin" finished-at="2025-06-16T15:20:48 IST" duration-ms="3122" status="PASS">
          <reporter-output>
          </reporter-output>
        </test-method> <!-- validLogin -->
        <test-method is-config="true" signature="tearDown()[pri:0, instance:tests.LoginTests@7adda9cc]" started-at="2025-06-16T15:20:48 IST" name="tearDown" finished-at="2025-06-16T15:20:48 IST" duration-ms="0" status="PASS">
          <reporter-output>
          </reporter-output>
        </test-method> <!-- tearDown -->
        <test-method is-config="true" signature="setUp()[pri:0, instance:tests.LoginTests@7adda9cc]" started-at="2025-06-16T15:20:48 IST" name="setUp" finished-at="2025-06-16T15:20:52 IST" duration-ms="4074" status="PASS">
          <reporter-output>
          </reporter-output>
        </test-method> <!-- setUp -->
        <test-method signature="invalidLogin()[pri:2, instance:tests.LoginTests@7adda9cc]" started-at="2025-06-16T15:20:52 IST" name="invalidLogin" finished-at="2025-06-16T15:20:54 IST" duration-ms="1802" status="PASS">
          <reporter-output>
          </reporter-output>
        </test-method> <!-- invalidLogin -->
        <test-method is-config="true" signature="tearDown()[pri:0, instance:tests.LoginTests@7adda9cc]" started-at="2025-06-16T15:20:54 IST" name="tearDown" finished-at="2025-06-16T15:20:54 IST" duration-ms="0" status="PASS">
          <reporter-output>
          </reporter-output>
        </test-method> <!-- tearDown -->
      </class> <!-- tests.LoginTests -->
    </test> <!-- Surefire test -->
  </suite> <!-- Surefire suite -->
</testng-results>
