<?xml version="1.0" encoding="UTF-8"?>
<testng-results ignored="0" total="2" passed="2" failed="0" skipped="0">
  <reporter-output>
  </reporter-output>
  <suite started-at="2025-06-17T10:06:38 IST" name="Surefire suite" finished-at="2025-06-17T10:06:48 IST" duration-ms="10724">
    <groups>
    </groups>
    <test started-at="2025-06-17T10:06:38 IST" name="Surefire test" finished-at="2025-06-17T10:06:48 IST" duration-ms="10724">
      <class name="tests.LoginTests">
        <test-method is-config="true" signature="setupReport()[pri:0, instance:tests.LoginTests@19bb07ed]" started-at="2025-06-17T10:06:37 IST" name="setupReport" finished-at="2025-06-17T10:06:38 IST" duration-ms="293" status="PASS">
          <reporter-output>
          </reporter-output>
        </test-method> <!-- setupReport -->
        <test-method is-config="true" signature="setUp()[pri:0, instance:tests.LoginTests@19bb07ed]" started-at="2025-06-17T10:06:38 IST" name="setUp" finished-at="2025-06-17T10:06:42 IST" duration-ms="3898" status="PASS">
          <reporter-output>
          </reporter-output>
        </test-method> <!-- setUp -->
        <test-method signature="validLogin()[pri:1, instance:tests.LoginTests@19bb07ed]" started-at="2025-06-17T10:06:42 IST" name="validLogin" finished-at="2025-06-17T10:06:43 IST" duration-ms="1706" status="PASS">
          <reporter-output>
          </reporter-output>
        </test-method> <!-- validLogin -->
        <test-method is-config="true" signature="tearDown()[pri:0, instance:tests.LoginTests@19bb07ed]" started-at="2025-06-17T10:06:43 IST" name="tearDown" finished-at="2025-06-17T10:06:44 IST" duration-ms="265" status="PASS">
          <reporter-output>
          </reporter-output>
        </test-method> <!-- tearDown -->
        <test-method is-config="true" signature="setUp()[pri:0, instance:tests.LoginTests@19bb07ed]" started-at="2025-06-17T10:06:44 IST" name="setUp" finished-at="2025-06-17T10:06:46 IST" duration-ms="2614" status="PASS">
          <reporter-output>
          </reporter-output>
        </test-method> <!-- setUp -->
        <test-method signature="invalidLogin()[pri:2, instance:tests.LoginTests@19bb07ed]" started-at="2025-06-17T10:06:46 IST" name="invalidLogin" finished-at="2025-06-17T10:06:48 IST" duration-ms="1934" status="PASS">
          <reporter-output>
          </reporter-output>
        </test-method> <!-- invalidLogin -->
        <test-method is-config="true" signature="tearDown()[pri:0, instance:tests.LoginTests@19bb07ed]" started-at="2025-06-17T10:06:48 IST" name="tearDown" finished-at="2025-06-17T10:06:48 IST" duration-ms="250" status="PASS">
          <reporter-output>
          </reporter-output>
        </test-method> <!-- tearDown -->
        <test-method is-config="true" signature="teardownReport()[pri:0, instance:tests.LoginTests@19bb07ed]" started-at="2025-06-17T10:06:49 IST" name="teardownReport" finished-at="2025-06-17T10:06:49 IST" duration-ms="654" status="PASS">
          <reporter-output>
          </reporter-output>
        </test-method> <!-- teardownReport -->
      </class> <!-- tests.LoginTests -->
    </test> <!-- Surefire test -->
  </suite> <!-- Surefire suite -->
</testng-results>
