<?xml version="1.0" encoding="UTF-8"?>
<testng-results ignored="0" total="2" passed="2" failed="0" skipped="0">
  <reporter-output>
  </reporter-output>
  <suite started-at="2025-06-17T13:46:40 IST" name="LoginSuite" finished-at="2025-06-17T13:46:54 IST" duration-ms="13570">
    <groups>
    </groups>
    <test started-at="2025-06-17T13:46:40 IST" name="LoginTests" finished-at="2025-06-17T13:46:54 IST" duration-ms="13570">
      <class name="tests.LoginTests">
        <test-method is-config="true" signature="setupReport()[pri:0, instance:tests.LoginTests@2f4948e4]" started-at="2025-06-17T13:46:40 IST" name="setupReport" finished-at="2025-06-17T13:46:40 IST" duration-ms="327" status="PASS">
          <reporter-output>
          </reporter-output>
        </test-method> <!-- setupReport -->
        <test-method is-config="true" signature="setUp()[pri:0, instance:tests.LoginTests@2f4948e4]" started-at="2025-06-17T13:46:40 IST" name="setUp" finished-at="2025-06-17T13:46:47 IST" duration-ms="6528" status="PASS">
          <reporter-output>
          </reporter-output>
        </test-method> <!-- setUp -->
        <test-method signature="validLogin()[pri:1, instance:tests.LoginTests@2f4948e4]" started-at="2025-06-17T13:46:47 IST" name="validLogin" finished-at="2025-06-17T13:46:48 IST" duration-ms="1033" status="PASS">
          <reporter-output>
          </reporter-output>
        </test-method> <!-- validLogin -->
        <test-method is-config="true" signature="tearDown(org.testng.ITestResult)[pri:0, instance:tests.LoginTests@2f4948e4]" started-at="2025-06-17T13:46:48 IST" name="tearDown" finished-at="2025-06-17T13:46:48 IST" duration-ms="203" status="PASS">
          <params>
            <param index="0">
              <value>
                <![CDATA[[TestResult name=validLogin status=SUCCESS method=LoginTests.validLogin()[pri:1, instance:tests.LoginTests@2f4948e4] output={null}]]]>
              </value>
            </param>
          </params>
          <reporter-output>
          </reporter-output>
        </test-method> <!-- tearDown -->
        <test-method is-config="true" signature="setUp()[pri:0, instance:tests.LoginTests@2f4948e4]" started-at="2025-06-17T13:46:48 IST" name="setUp" finished-at="2025-06-17T13:46:53 IST" duration-ms="4310" status="PASS">
          <reporter-output>
          </reporter-output>
        </test-method> <!-- setUp -->
        <test-method signature="invalidLogin()[pri:2, instance:tests.LoginTests@2f4948e4]" started-at="2025-06-17T13:46:53 IST" name="invalidLogin" finished-at="2025-06-17T13:46:54 IST" duration-ms="1251" status="PASS">
          <reporter-output>
          </reporter-output>
        </test-method> <!-- invalidLogin -->
        <test-method is-config="true" signature="tearDown(org.testng.ITestResult)[pri:0, instance:tests.LoginTests@2f4948e4]" started-at="2025-06-17T13:46:54 IST" name="tearDown" finished-at="2025-06-17T13:46:54 IST" duration-ms="199" status="PASS">
          <params>
            <param index="0">
              <value>
                <![CDATA[[TestResult name=invalidLogin status=SUCCESS method=LoginTests.invalidLogin()[pri:2, instance:tests.LoginTests@2f4948e4] output={null}]]]>
              </value>
            </param>
          </params>
          <reporter-output>
          </reporter-output>
        </test-method> <!-- tearDown -->
        <test-method is-config="true" signature="teardownReport()[pri:0, instance:tests.LoginTests@2f4948e4]" started-at="2025-06-17T13:46:54 IST" name="teardownReport" finished-at="2025-06-17T13:46:54 IST" duration-ms="333" status="PASS">
          <reporter-output>
          </reporter-output>
        </test-method> <!-- teardownReport -->
      </class> <!-- tests.LoginTests -->
    </test> <!-- LoginTests -->
  </suite> <!-- LoginSuite -->
</testng-results>
