<?xml version="1.0" encoding="UTF-8"?>
<testng-results ignored="0" total="8" passed="8" failed="0" skipped="0">
  <reporter-output>
  </reporter-output>
  <suite started-at="2025-06-30T17:38:08 IST" name="Default suite" finished-at="2025-06-30T17:40:13 IST" duration-ms="124996">
    <groups>
    </groups>
    <test started-at="2025-06-30T17:38:08 IST" name="Default test" finished-at="2025-06-30T17:40:13 IST" duration-ms="124996">
      <class name="tests.LoginTests">
        <test-method is-config="true" signature="setupReport()[pri:0, instance:tests.LoginTests@2cd76f31]" started-at="2025-06-30T17:38:08 IST" name="setupReport" finished-at="2025-06-30T17:38:08 IST" duration-ms="217" status="PASS">
          <reporter-output>
          </reporter-output>
        </test-method> <!-- setupReport -->
        <test-method is-config="true" signature="setUp()[pri:0, instance:tests.LoginTests@2cd76f31]" started-at="2025-06-30T17:38:09 IST" name="setUp" finished-at="2025-06-30T17:38:13 IST" duration-ms="3589" status="PASS">
          <reporter-output>
          </reporter-output>
        </test-method> <!-- setUp -->
        <test-method signature="validLogin(java.lang.String,java.lang.String)[pri:1, instance:tests.LoginTests@2cd76f31]" started-at="2025-06-30T17:38:13 IST" name="validLogin" data-provider="ValidLoginData" finished-at="2025-06-30T17:38:58 IST" duration-ms="45656" status="PASS">
          <params>
            <param index="0">
              <value>
                <![CDATA[admin@yourstore.com]]>
              </value>
            </param>
            <param index="1">
              <value>
                <![CDATA[admin]]>
              </value>
            </param>
          </params>
          <reporter-output>
          </reporter-output>
        </test-method> <!-- validLogin -->
        <test-method is-config="true" signature="tearDown(org.testng.ITestResult)[pri:0, instance:tests.LoginTests@2cd76f31]" started-at="2025-06-30T17:38:58 IST" name="tearDown" finished-at="2025-06-30T17:38:59 IST" duration-ms="173" status="PASS">
          <params>
            <param index="0">
              <value>
                <![CDATA[[TestResult name=validLogin status=SUCCESS method=LoginTests.validLogin(java.lang.String,java.lang.String)[pri:1, instance:tests.LoginTests@2cd76f31] output={null}]]]>
              </value>
            </param>
          </params>
          <reporter-output>
          </reporter-output>
        </test-method> <!-- tearDown -->
        <test-method is-config="true" signature="setUp()[pri:0, instance:tests.LoginTests@2cd76f31]" started-at="2025-06-30T17:38:59 IST" name="setUp" finished-at="2025-06-30T17:39:03 IST" duration-ms="4061" status="PASS">
          <reporter-output>
          </reporter-output>
        </test-method> <!-- setUp -->
        <test-method signature="validLogin(java.lang.String,java.lang.String)[pri:1, instance:tests.LoginTests@2cd76f31]" started-at="2025-06-30T17:39:03 IST" name="validLogin" data-provider="ValidLoginData" finished-at="2025-06-30T17:39:36 IST" duration-ms="33657" status="PASS">
          <params>
            <param index="0">
              <value>
                <![CDATA[admin@yourstore.com]]>
              </value>
            </param>
            <param index="1">
              <value>
                <![CDATA[admin]]>
              </value>
            </param>
          </params>
          <reporter-output>
          </reporter-output>
        </test-method> <!-- validLogin -->
        <test-method is-config="true" signature="tearDown(org.testng.ITestResult)[pri:0, instance:tests.LoginTests@2cd76f31]" started-at="2025-06-30T17:39:36 IST" name="tearDown" finished-at="2025-06-30T17:39:36 IST" duration-ms="161" status="PASS">
          <params>
            <param index="0">
              <value>
                <![CDATA[[TestResult name=validLogin status=SUCCESS method=LoginTests.validLogin(java.lang.String,java.lang.String)[pri:1, instance:tests.LoginTests@2cd76f31] output={null}]]]>
              </value>
            </param>
          </params>
          <reporter-output>
          </reporter-output>
        </test-method> <!-- tearDown -->
        <test-method is-config="true" signature="setUp()[pri:0, instance:tests.LoginTests@2cd76f31]" started-at="2025-06-30T17:39:36 IST" name="setUp" finished-at="2025-06-30T17:39:39 IST" duration-ms="2513" status="PASS">
          <reporter-output>
          </reporter-output>
        </test-method> <!-- setUp -->
        <test-method signature="validLogin(java.lang.String,java.lang.String)[pri:1, instance:tests.LoginTests@2cd76f31]" started-at="2025-06-30T17:39:39 IST" name="validLogin" data-provider="ValidLoginData" finished-at="2025-06-30T17:39:42 IST" duration-ms="3079" status="PASS">
          <params>
            <param index="0">
              <value>
                <![CDATA[admin@yourstore.com]]>
              </value>
            </param>
            <param index="1">
              <value>
                <![CDATA[admin]]>
              </value>
            </param>
          </params>
          <reporter-output>
          </reporter-output>
        </test-method> <!-- validLogin -->
        <test-method is-config="true" signature="tearDown(org.testng.ITestResult)[pri:0, instance:tests.LoginTests@2cd76f31]" started-at="2025-06-30T17:39:42 IST" name="tearDown" finished-at="2025-06-30T17:39:42 IST" duration-ms="164" status="PASS">
          <params>
            <param index="0">
              <value>
                <![CDATA[[TestResult name=validLogin status=SUCCESS method=LoginTests.validLogin(java.lang.String,java.lang.String)[pri:1, instance:tests.LoginTests@2cd76f31] output={null}]]]>
              </value>
            </param>
          </params>
          <reporter-output>
          </reporter-output>
        </test-method> <!-- tearDown -->
        <test-method is-config="true" signature="setUp()[pri:0, instance:tests.LoginTests@2cd76f31]" started-at="2025-06-30T17:39:42 IST" name="setUp" finished-at="2025-06-30T17:39:45 IST" duration-ms="2498" status="PASS">
          <reporter-output>
          </reporter-output>
        </test-method> <!-- setUp -->
        <test-method signature="validLogin(java.lang.String,java.lang.String)[pri:1, instance:tests.LoginTests@2cd76f31]" started-at="2025-06-30T17:39:45 IST" name="validLogin" data-provider="ValidLoginData" finished-at="2025-06-30T17:39:48 IST" duration-ms="3244" status="PASS">
          <params>
            <param index="0">
              <value>
                <![CDATA[admin@yourstore.com]]>
              </value>
            </param>
            <param index="1">
              <value>
                <![CDATA[admin]]>
              </value>
            </param>
          </params>
          <reporter-output>
          </reporter-output>
        </test-method> <!-- validLogin -->
        <test-method is-config="true" signature="tearDown(org.testng.ITestResult)[pri:0, instance:tests.LoginTests@2cd76f31]" started-at="2025-06-30T17:39:48 IST" name="tearDown" finished-at="2025-06-30T17:39:48 IST" duration-ms="156" status="PASS">
          <params>
            <param index="0">
              <value>
                <![CDATA[[TestResult name=validLogin status=SUCCESS method=LoginTests.validLogin(java.lang.String,java.lang.String)[pri:1, instance:tests.LoginTests@2cd76f31] output={null}]]]>
              </value>
            </param>
          </params>
          <reporter-output>
          </reporter-output>
        </test-method> <!-- tearDown -->
        <test-method is-config="true" signature="setUp()[pri:0, instance:tests.LoginTests@2cd76f31]" started-at="2025-06-30T17:39:48 IST" name="setUp" finished-at="2025-06-30T17:39:51 IST" duration-ms="2803" status="PASS">
          <reporter-output>
          </reporter-output>
        </test-method> <!-- setUp -->
        <test-method signature="invalidLogin(java.lang.String,java.lang.String)[pri:2, instance:tests.LoginTests@2cd76f31]" started-at="2025-06-30T17:39:51 IST" name="invalidLogin" data-provider="InValidLoginData" finished-at="2025-06-30T17:39:54 IST" duration-ms="2779" status="PASS">
          <params>
            <param index="0">
              <value>
                <![CDATA[admin@yourstore.com]]>
              </value>
            </param>
            <param index="1">
              <value>
                <![CDATA[pass124]]>
              </value>
            </param>
          </params>
          <reporter-output>
          </reporter-output>
        </test-method> <!-- invalidLogin -->
        <test-method is-config="true" signature="tearDown(org.testng.ITestResult)[pri:0, instance:tests.LoginTests@2cd76f31]" started-at="2025-06-30T17:39:54 IST" name="tearDown" finished-at="2025-06-30T17:39:54 IST" duration-ms="130" status="PASS">
          <params>
            <param index="0">
              <value>
                <![CDATA[[TestResult name=invalidLogin status=SUCCESS method=LoginTests.invalidLogin(java.lang.String,java.lang.String)[pri:2, instance:tests.LoginTests@2cd76f31] output={null}]]]>
              </value>
            </param>
          </params>
          <reporter-output>
          </reporter-output>
        </test-method> <!-- tearDown -->
        <test-method is-config="true" signature="setUp()[pri:0, instance:tests.LoginTests@2cd76f31]" started-at="2025-06-30T17:39:54 IST" name="setUp" finished-at="2025-06-30T17:39:57 IST" duration-ms="2835" status="PASS">
          <reporter-output>
          </reporter-output>
        </test-method> <!-- setUp -->
        <test-method signature="invalidLogin(java.lang.String,java.lang.String)[pri:2, instance:tests.LoginTests@2cd76f31]" started-at="2025-06-30T17:39:57 IST" name="invalidLogin" data-provider="InValidLoginData" finished-at="2025-06-30T17:39:59 IST" duration-ms="2645" status="PASS">
          <params>
            <param index="0">
              <value>
                <![CDATA[user1@test.com]]>
              </value>
            </param>
            <param index="1">
              <value>
                <![CDATA[admin]]>
              </value>
            </param>
          </params>
          <reporter-output>
          </reporter-output>
        </test-method> <!-- invalidLogin -->
        <test-method is-config="true" signature="tearDown(org.testng.ITestResult)[pri:0, instance:tests.LoginTests@2cd76f31]" started-at="2025-06-30T17:39:59 IST" name="tearDown" finished-at="2025-06-30T17:40:00 IST" duration-ms="187" status="PASS">
          <params>
            <param index="0">
              <value>
                <![CDATA[[TestResult name=invalidLogin status=SUCCESS method=LoginTests.invalidLogin(java.lang.String,java.lang.String)[pri:2, instance:tests.LoginTests@2cd76f31] output={null}]]]>
              </value>
            </param>
          </params>
          <reporter-output>
          </reporter-output>
        </test-method> <!-- tearDown -->
        <test-method is-config="true" signature="setUp()[pri:0, instance:tests.LoginTests@2cd76f31]" started-at="2025-06-30T17:40:00 IST" name="setUp" finished-at="2025-06-30T17:40:03 IST" duration-ms="3806" status="PASS">
          <reporter-output>
          </reporter-output>
        </test-method> <!-- setUp -->
        <test-method signature="invalidLogin(java.lang.String,java.lang.String)[pri:2, instance:tests.LoginTests@2cd76f31]" started-at="2025-06-30T17:40:03 IST" name="invalidLogin" data-provider="InValidLoginData" finished-at="2025-06-30T17:40:06 IST" duration-ms="2969" status="PASS">
          <params>
            <param index="0">
              <value>
                <![CDATA[user2@test.com]]>
              </value>
            </param>
            <param index="1">
              <value>
                <![CDATA[pass126]]>
              </value>
            </param>
          </params>
          <reporter-output>
          </reporter-output>
        </test-method> <!-- invalidLogin -->
        <test-method is-config="true" signature="tearDown(org.testng.ITestResult)[pri:0, instance:tests.LoginTests@2cd76f31]" started-at="2025-06-30T17:40:06 IST" name="tearDown" finished-at="2025-06-30T17:40:07 IST" duration-ms="112" status="PASS">
          <params>
            <param index="0">
              <value>
                <![CDATA[[TestResult name=invalidLogin status=SUCCESS method=LoginTests.invalidLogin(java.lang.String,java.lang.String)[pri:2, instance:tests.LoginTests@2cd76f31] output={null}]]]>
              </value>
            </param>
          </params>
          <reporter-output>
          </reporter-output>
        </test-method> <!-- tearDown -->
        <test-method is-config="true" signature="setUp()[pri:0, instance:tests.LoginTests@2cd76f31]" started-at="2025-06-30T17:40:07 IST" name="setUp" finished-at="2025-06-30T17:40:10 IST" duration-ms="3175" status="PASS">
          <reporter-output>
          </reporter-output>
        </test-method> <!-- setUp -->
        <test-method signature="invalidLogin(java.lang.String,java.lang.String)[pri:2, instance:tests.LoginTests@2cd76f31]" started-at="2025-06-30T17:40:10 IST" name="invalidLogin" data-provider="InValidLoginData" finished-at="2025-06-30T17:40:13 IST" duration-ms="3457" status="PASS">
          <params>
            <param index="0">
              <value>
                <![CDATA[user3@test.com]]>
              </value>
            </param>
            <param index="1">
              <value>
                <![CDATA[pass321]]>
              </value>
            </param>
          </params>
          <reporter-output>
          </reporter-output>
        </test-method> <!-- invalidLogin -->
        <test-method is-config="true" signature="tearDown(org.testng.ITestResult)[pri:0, instance:tests.LoginTests@2cd76f31]" started-at="2025-06-30T17:40:13 IST" name="tearDown" finished-at="2025-06-30T17:40:13 IST" duration-ms="131" status="PASS">
          <params>
            <param index="0">
              <value>
                <![CDATA[[TestResult name=invalidLogin status=SUCCESS method=LoginTests.invalidLogin(java.lang.String,java.lang.String)[pri:2, instance:tests.LoginTests@2cd76f31] output={null}]]]>
              </value>
            </param>
          </params>
          <reporter-output>
          </reporter-output>
        </test-method> <!-- tearDown -->
        <test-method is-config="true" signature="teardownReport()[pri:0, instance:tests.LoginTests@2cd76f31]" started-at="2025-06-30T17:40:13 IST" name="teardownReport" finished-at="2025-06-30T17:40:19 IST" duration-ms="5177" status="PASS">
          <reporter-output>
          </reporter-output>
        </test-method> <!-- teardownReport -->
      </class> <!-- tests.LoginTests -->
    </test> <!-- Default test -->
  </suite> <!-- Default suite -->
</testng-results>
