<?xml version="1.0" encoding="UTF-8"?>
<testng-results ignored="0" total="9" passed="9" failed="0" skipped="0">
  <reporter-output>
  </reporter-output>
  <suite started-at="2025-06-29T22:20:07 IST" name="LoginSuite" finished-at="2025-06-29T22:21:16 IST" duration-ms="68469">
    <groups>
    </groups>
    <test started-at="2025-06-29T22:20:07 IST" name="LoginTests" finished-at="2025-06-29T22:21:03 IST" duration-ms="55636">
      <class name="tests.LoginTests">
        <test-method is-config="true" signature="setUp()[pri:0, instance:tests.LoginTests@3cd3e762]" started-at="2025-06-29T22:20:07 IST" name="setUp" finished-at="2025-06-29T22:20:12 IST" duration-ms="4541" status="PASS">
          <reporter-output>
          </reporter-output>
        </test-method> <!-- setUp -->
        <test-method signature="validLogin(java.lang.String,java.lang.String)[pri:1, instance:tests.LoginTests@3cd3e762]" started-at="2025-06-29T22:20:12 IST" name="validLogin" data-provider="LoginData2" finished-at="2025-06-29T22:20:14 IST" duration-ms="1937" status="PASS">
          <params>
            <param index="0">
              <value>
                <![CDATA[admin@yourstore.com]]>
              </value>
            </param>
            <param index="1">
              <value>
                <![CDATA[admin]]>
              </value>
            </param>
          </params>
          <reporter-output>
          </reporter-output>
        </test-method> <!-- validLogin -->
        <test-method is-config="true" signature="tearDown(org.testng.ITestResult)[pri:0, instance:tests.LoginTests@3cd3e762]" started-at="2025-06-29T22:20:14 IST" name="tearDown" finished-at="2025-06-29T22:20:14 IST" duration-ms="176" status="PASS">
          <params>
            <param index="0">
              <value>
                <![CDATA[[TestResult name=validLogin status=SUCCESS method=LoginTests.validLogin(java.lang.String,java.lang.String)[pri:1, instance:tests.LoginTests@3cd3e762] output={null}]]]>
              </value>
            </param>
          </params>
          <reporter-output>
          </reporter-output>
        </test-method> <!-- tearDown -->
        <test-method is-config="true" signature="setUp()[pri:0, instance:tests.LoginTests@3cd3e762]" started-at="2025-06-29T22:20:14 IST" name="setUp" finished-at="2025-06-29T22:20:17 IST" duration-ms="2831" status="PASS">
          <reporter-output>
          </reporter-output>
        </test-method> <!-- setUp -->
        <test-method signature="validLogin(java.lang.String,java.lang.String)[pri:1, instance:tests.LoginTests@3cd3e762]" started-at="2025-06-29T22:20:17 IST" name="validLogin" data-provider="LoginData2" finished-at="2025-06-29T22:20:18 IST" duration-ms="1139" status="PASS">
          <params>
            <param index="0">
              <value>
                <![CDATA[duser1@test.com]]>
              </value>
            </param>
            <param index="1">
              <value>
                <![CDATA[admin]]>
              </value>
            </param>
          </params>
          <reporter-output>
          </reporter-output>
        </test-method> <!-- validLogin -->
        <test-method is-config="true" signature="tearDown(org.testng.ITestResult)[pri:0, instance:tests.LoginTests@3cd3e762]" started-at="2025-06-29T22:20:18 IST" name="tearDown" finished-at="2025-06-29T22:20:18 IST" duration-ms="164" status="PASS">
          <params>
            <param index="0">
              <value>
                <![CDATA[[TestResult name=validLogin status=SUCCESS method=LoginTests.validLogin(java.lang.String,java.lang.String)[pri:1, instance:tests.LoginTests@3cd3e762] output={null}]]]>
              </value>
            </param>
          </params>
          <reporter-output>
          </reporter-output>
        </test-method> <!-- tearDown -->
        <test-method is-config="true" signature="setUp()[pri:0, instance:tests.LoginTests@3cd3e762]" started-at="2025-06-29T22:20:18 IST" name="setUp" finished-at="2025-06-29T22:20:20 IST" duration-ms="1988" status="PASS">
          <reporter-output>
          </reporter-output>
        </test-method> <!-- setUp -->
        <test-method signature="validLogin(java.lang.String,java.lang.String)[pri:1, instance:tests.LoginTests@3cd3e762]" started-at="2025-06-29T22:20:20 IST" name="validLogin" data-provider="LoginData2" finished-at="2025-06-29T22:20:28 IST" duration-ms="7818" status="PASS">
          <params>
            <param index="0">
              <value>
                <![CDATA[admin@yourstore.com]]>
              </value>
            </param>
            <param index="1">
              <value>
                <![CDATA[dpass2]]>
              </value>
            </param>
          </params>
          <reporter-output>
          </reporter-output>
        </test-method> <!-- validLogin -->
        <test-method is-config="true" signature="tearDown(org.testng.ITestResult)[pri:0, instance:tests.LoginTests@3cd3e762]" started-at="2025-06-29T22:20:28 IST" name="tearDown" finished-at="2025-06-29T22:20:28 IST" duration-ms="190" status="PASS">
          <params>
            <param index="0">
              <value>
                <![CDATA[[TestResult name=validLogin status=SUCCESS method=LoginTests.validLogin(java.lang.String,java.lang.String)[pri:1, instance:tests.LoginTests@3cd3e762] output={null}]]]>
              </value>
            </param>
          </params>
          <reporter-output>
          </reporter-output>
        </test-method> <!-- tearDown -->
        <test-method is-config="true" signature="setUp()[pri:0, instance:tests.LoginTests@3cd3e762]" started-at="2025-06-29T22:20:28 IST" name="setUp" finished-at="2025-06-29T22:20:31 IST" duration-ms="2750" status="PASS">
          <reporter-output>
          </reporter-output>
        </test-method> <!-- setUp -->
        <test-method signature="validLogin(java.lang.String,java.lang.String)[pri:1, instance:tests.LoginTests@3cd3e762]" started-at="2025-06-29T22:20:31 IST" name="validLogin" data-provider="LoginData2" finished-at="2025-06-29T22:20:35 IST" duration-ms="4086" status="PASS">
          <params>
            <param index="0">
              <value>
                <![CDATA[duser3@test.com]]>
              </value>
            </param>
            <param index="1">
              <value>
                <![CDATA[dpass3]]>
              </value>
            </param>
          </params>
          <reporter-output>
          </reporter-output>
        </test-method> <!-- validLogin -->
        <test-method is-config="true" signature="tearDown(org.testng.ITestResult)[pri:0, instance:tests.LoginTests@3cd3e762]" started-at="2025-06-29T22:20:35 IST" name="tearDown" finished-at="2025-06-29T22:20:35 IST" duration-ms="148" status="PASS">
          <params>
            <param index="0">
              <value>
                <![CDATA[[TestResult name=validLogin status=SUCCESS method=LoginTests.validLogin(java.lang.String,java.lang.String)[pri:1, instance:tests.LoginTests@3cd3e762] output={null}]]]>
              </value>
            </param>
          </params>
          <reporter-output>
          </reporter-output>
        </test-method> <!-- tearDown -->
        <test-method is-config="true" signature="setUp()[pri:0, instance:tests.LoginTests@3cd3e762]" started-at="2025-06-29T22:20:35 IST" name="setUp" finished-at="2025-06-29T22:20:37 IST" duration-ms="2064" status="PASS">
          <reporter-output>
          </reporter-output>
        </test-method> <!-- setUp -->
        <test-method signature="invalidLogin(java.lang.String,java.lang.String)[pri:2, instance:tests.LoginTests@3cd3e762]" started-at="2025-06-29T22:20:37 IST" name="invalidLogin" data-provider="LoginData2" finished-at="2025-06-29T22:20:43 IST" duration-ms="6016" status="PASS">
          <params>
            <param index="0">
              <value>
                <![CDATA[admin@yourstore.com]]>
              </value>
            </param>
            <param index="1">
              <value>
                <![CDATA[admin]]>
              </value>
            </param>
          </params>
          <reporter-output>
          </reporter-output>
        </test-method> <!-- invalidLogin -->
        <test-method is-config="true" signature="tearDown(org.testng.ITestResult)[pri:0, instance:tests.LoginTests@3cd3e762]" started-at="2025-06-29T22:20:43 IST" name="tearDown" finished-at="2025-06-29T22:20:43 IST" duration-ms="139" status="PASS">
          <params>
            <param index="0">
              <value>
                <![CDATA[[TestResult name=invalidLogin status=SUCCESS method=LoginTests.invalidLogin(java.lang.String,java.lang.String)[pri:2, instance:tests.LoginTests@3cd3e762] output={null}]]]>
              </value>
            </param>
          </params>
          <reporter-output>
          </reporter-output>
        </test-method> <!-- tearDown -->
        <test-method is-config="true" signature="setUp()[pri:0, instance:tests.LoginTests@3cd3e762]" started-at="2025-06-29T22:20:43 IST" name="setUp" finished-at="2025-06-29T22:20:49 IST" duration-ms="5283" status="PASS">
          <reporter-output>
          </reporter-output>
        </test-method> <!-- setUp -->
        <test-method signature="invalidLogin(java.lang.String,java.lang.String)[pri:2, instance:tests.LoginTests@3cd3e762]" started-at="2025-06-29T22:20:49 IST" name="invalidLogin" data-provider="LoginData2" finished-at="2025-06-29T22:20:54 IST" duration-ms="5219" status="PASS">
          <params>
            <param index="0">
              <value>
                <![CDATA[duser1@test.com]]>
              </value>
            </param>
            <param index="1">
              <value>
                <![CDATA[admin]]>
              </value>
            </param>
          </params>
          <reporter-output>
          </reporter-output>
        </test-method> <!-- invalidLogin -->
        <test-method is-config="true" signature="tearDown(org.testng.ITestResult)[pri:0, instance:tests.LoginTests@3cd3e762]" started-at="2025-06-29T22:20:54 IST" name="tearDown" finished-at="2025-06-29T22:20:54 IST" duration-ms="160" status="PASS">
          <params>
            <param index="0">
              <value>
                <![CDATA[[TestResult name=invalidLogin status=SUCCESS method=LoginTests.invalidLogin(java.lang.String,java.lang.String)[pri:2, instance:tests.LoginTests@3cd3e762] output={null}]]]>
              </value>
            </param>
          </params>
          <reporter-output>
          </reporter-output>
        </test-method> <!-- tearDown -->
        <test-method is-config="true" signature="setUp()[pri:0, instance:tests.LoginTests@3cd3e762]" started-at="2025-06-29T22:20:54 IST" name="setUp" finished-at="2025-06-29T22:20:57 IST" duration-ms="2718" status="PASS">
          <reporter-output>
          </reporter-output>
        </test-method> <!-- setUp -->
        <test-method signature="invalidLogin(java.lang.String,java.lang.String)[pri:2, instance:tests.LoginTests@3cd3e762]" started-at="2025-06-29T22:20:57 IST" name="invalidLogin" data-provider="LoginData2" finished-at="2025-06-29T22:20:58 IST" duration-ms="973" status="PASS">
          <params>
            <param index="0">
              <value>
                <![CDATA[admin@yourstore.com]]>
              </value>
            </param>
            <param index="1">
              <value>
                <![CDATA[dpass2]]>
              </value>
            </param>
          </params>
          <reporter-output>
          </reporter-output>
        </test-method> <!-- invalidLogin -->
        <test-method is-config="true" signature="tearDown(org.testng.ITestResult)[pri:0, instance:tests.LoginTests@3cd3e762]" started-at="2025-06-29T22:20:58 IST" name="tearDown" finished-at="2025-06-29T22:20:58 IST" duration-ms="154" status="PASS">
          <params>
            <param index="0">
              <value>
                <![CDATA[[TestResult name=invalidLogin status=SUCCESS method=LoginTests.invalidLogin(java.lang.String,java.lang.String)[pri:2, instance:tests.LoginTests@3cd3e762] output={null}]]]>
              </value>
            </param>
          </params>
          <reporter-output>
          </reporter-output>
        </test-method> <!-- tearDown -->
        <test-method is-config="true" signature="setUp()[pri:0, instance:tests.LoginTests@3cd3e762]" started-at="2025-06-29T22:20:58 IST" name="setUp" finished-at="2025-06-29T22:21:01 IST" duration-ms="2758" status="PASS">
          <reporter-output>
          </reporter-output>
        </test-method> <!-- setUp -->
        <test-method signature="invalidLogin(java.lang.String,java.lang.String)[pri:2, instance:tests.LoginTests@3cd3e762]" started-at="2025-06-29T22:21:01 IST" name="invalidLogin" data-provider="LoginData2" finished-at="2025-06-29T22:21:03 IST" duration-ms="2171" status="PASS">
          <params>
            <param index="0">
              <value>
                <![CDATA[duser3@test.com]]>
              </value>
            </param>
            <param index="1">
              <value>
                <![CDATA[dpass3]]>
              </value>
            </param>
          </params>
          <reporter-output>
          </reporter-output>
        </test-method> <!-- invalidLogin -->
        <test-method is-config="true" signature="tearDown(org.testng.ITestResult)[pri:0, instance:tests.LoginTests@3cd3e762]" started-at="2025-06-29T22:21:03 IST" name="tearDown" finished-at="2025-06-29T22:21:03 IST" duration-ms="151" status="PASS">
          <params>
            <param index="0">
              <value>
                <![CDATA[[TestResult name=invalidLogin status=SUCCESS method=LoginTests.invalidLogin(java.lang.String,java.lang.String)[pri:2, instance:tests.LoginTests@3cd3e762] output={null}]]]>
              </value>
            </param>
          </params>
          <reporter-output>
          </reporter-output>
        </test-method> <!-- tearDown -->
      </class> <!-- tests.LoginTests -->
    </test> <!-- LoginTests -->
    <test started-at="2025-06-29T22:21:03 IST" name="searchProduct" finished-at="2025-06-29T22:21:16 IST" duration-ms="12804">
      <class name="tests.searchProduct">
        <test-method is-config="true" signature="setupReport()[pri:0, instance:tests.searchProduct@c0c2f8d]" started-at="2025-06-29T22:20:07 IST" name="setupReport" finished-at="2025-06-29T22:20:07 IST" duration-ms="225" status="PASS">
          <reporter-output>
          </reporter-output>
        </test-method> <!-- setupReport -->
        <test-method is-config="true" signature="setUp()[pri:0, instance:tests.searchProduct@c0c2f8d]" started-at="2025-06-29T22:21:03 IST" name="setUp" finished-at="2025-06-29T22:21:06 IST" duration-ms="2588" status="PASS">
          <reporter-output>
          </reporter-output>
        </test-method> <!-- setUp -->
        <test-method signature="accessDashboard(java.lang.String,java.lang.String)[pri:1, instance:tests.searchProduct@c0c2f8d]" started-at="2025-06-29T22:21:06 IST" name="accessDashboard" data-provider="Credentials" finished-at="2025-06-29T22:21:16 IST" duration-ms="10057" status="PASS">
          <params>
            <param index="0">
              <value>
                <![CDATA[admin@yourstore.com]]>
              </value>
            </param>
            <param index="1">
              <value>
                <![CDATA[admin]]>
              </value>
            </param>
          </params>
          <reporter-output>
          </reporter-output>
        </test-method> <!-- accessDashboard -->
        <test-method is-config="true" signature="tearDown(org.testng.ITestResult)[pri:0, instance:tests.searchProduct@c0c2f8d]" started-at="2025-06-29T22:21:16 IST" name="tearDown" finished-at="2025-06-29T22:21:16 IST" duration-ms="148" status="PASS">
          <params>
            <param index="0">
              <value>
                <![CDATA[[TestResult name=accessDashboard status=SUCCESS method=searchProduct.accessDashboard(java.lang.String,java.lang.String)[pri:1, instance:tests.searchProduct@c0c2f8d] output={null}]]]>
              </value>
            </param>
          </params>
          <reporter-output>
          </reporter-output>
        </test-method> <!-- tearDown -->
        <test-method is-config="true" signature="teardownReport()[pri:0, instance:tests.searchProduct@c0c2f8d]" started-at="2025-06-29T22:21:16 IST" name="teardownReport" finished-at="2025-06-29T22:21:21 IST" duration-ms="5218" status="PASS">
          <reporter-output>
          </reporter-output>
        </test-method> <!-- teardownReport -->
      </class> <!-- tests.searchProduct -->
    </test> <!-- searchProduct -->
  </suite> <!-- LoginSuite -->
</testng-results>
