<?xml version="1.0" encoding="UTF-8"?>
<testng-results ignored="0" total="1" passed="1" failed="0" skipped="0">
  <reporter-output>
  </reporter-output>
  <suite started-at="2025-06-29T21:58:31 IST" name="Default suite" finished-at="2025-06-29T21:58:49 IST" duration-ms="18398">
    <groups>
    </groups>
    <test started-at="2025-06-29T21:58:31 IST" name="Default test" finished-at="2025-06-29T21:58:49 IST" duration-ms="18398">
      <class name="tests.searchProduct">
        <test-method is-config="true" signature="setupReport()[pri:0, instance:tests.searchProduct@bcec361]" started-at="2025-06-29T21:58:31 IST" name="setupReport" finished-at="2025-06-29T21:58:31 IST" duration-ms="214" status="PASS">
          <reporter-output>
          </reporter-output>
        </test-method> <!-- setupReport -->
        <test-method is-config="true" signature="setUp()[pri:0, instance:tests.searchProduct@bcec361]" started-at="2025-06-29T21:58:31 IST" name="setUp" finished-at="2025-06-29T21:58:34 IST" duration-ms="3358" status="PASS">
          <reporter-output>
          </reporter-output>
        </test-method> <!-- setUp -->
        <test-method signature="accessDashboard(java.lang.String,java.lang.String)[pri:1, instance:tests.searchProduct@bcec361]" started-at="2025-06-29T21:58:34 IST" name="accessDashboard" data-provider="Credentials" finished-at="2025-06-29T21:58:49 IST" duration-ms="14879" status="PASS">
          <params>
            <param index="0">
              <value>
                <![CDATA[admin@yourstore.com]]>
              </value>
            </param>
            <param index="1">
              <value>
                <![CDATA[admin]]>
              </value>
            </param>
          </params>
          <reporter-output>
          </reporter-output>
        </test-method> <!-- accessDashboard -->
        <test-method is-config="true" signature="tearDown(org.testng.ITestResult)[pri:0, instance:tests.searchProduct@bcec361]" started-at="2025-06-29T21:58:49 IST" name="tearDown" finished-at="2025-06-29T21:58:49 IST" duration-ms="128" status="PASS">
          <params>
            <param index="0">
              <value>
                <![CDATA[[TestResult name=accessDashboard status=SUCCESS method=searchProduct.accessDashboard(java.lang.String,java.lang.String)[pri:1, instance:tests.searchProduct@bcec361] output={null}]]]>
              </value>
            </param>
          </params>
          <reporter-output>
          </reporter-output>
        </test-method> <!-- tearDown -->
        <test-method is-config="true" signature="teardownReport()[pri:0, instance:tests.searchProduct@bcec361]" started-at="2025-06-29T21:58:49 IST" name="teardownReport" finished-at="2025-06-29T21:58:56 IST" duration-ms="6812" status="PASS">
          <reporter-output>
          </reporter-output>
        </test-method> <!-- teardownReport -->
      </class> <!-- tests.searchProduct -->
    </test> <!-- Default test -->
  </suite> <!-- Default suite -->
</testng-results>
