<?xml version="1.0" encoding="UTF-8"?>
<!-- Generated by org.testng.reporters.JUnitXMLReporter -->
<testsuite ignored="0" hostname="DESKTOP-7NMSRQD" failures="3" tests="8" name="LoginTests" time="46.421" errors="0" timestamp="2025-06-26T09:00:06 IST">
  <testcase classname="tests.LoginTests" name="validLogin" time="4.056"/>
  <testcase classname="tests.LoginTests" name="validLogin" time="1.998">
    <failure type="java.lang.AssertionError" message="Test failed due to Invalid Password.">
      <![CDATA[java.lang.AssertionError: Test failed due to Invalid Password.
at tests.LoginTests.validLogin(LoginTests.java:150)
at java.base/java.util.ArrayList.forEach(ArrayList.java:1596)
... Removed 26 stack frames]]>
    </failure>
  </testcase> <!-- validLogin -->
  <testcase classname="tests.LoginTests" name="validLogin" time="1.908">
    <failure type="java.lang.AssertionError" message="Test failed due to Invalid Username/Account.">
      <![CDATA[java.lang.AssertionError: Test failed due to Invalid Username/Account.
at tests.LoginTests.validLogin(LoginTests.java:136)
at java.base/java.util.ArrayList.forEach(ArrayList.java:1596)
... Removed 26 stack frames]]>
    </failure>
  </testcase> <!-- validLogin -->
  <testcase classname="tests.LoginTests" name="validLogin" time="1.607">
    <failure type="java.lang.AssertionError" message="Test failed due to Invalid Username/Account.">
      <![CDATA[java.lang.AssertionError: Test failed due to Invalid Username/Account.
at tests.LoginTests.validLogin(LoginTests.java:136)
at java.base/java.util.ArrayList.forEach(ArrayList.java:1596)
... Removed 26 stack frames]]>
    </failure>
  </testcase> <!-- validLogin -->
  <testcase classname="tests.LoginTests" name="invalidLogin" time="2.209"/>
  <testcase classname="tests.LoginTests" name="invalidLogin" time="1.741"/>
  <testcase classname="tests.LoginTests" name="invalidLogin" time="1.701"/>
  <testcase classname="tests.LoginTests" name="invalidLogin" time="1.822"/>
</testsuite> <!-- LoginTests -->
